<?xml version="1.0" encoding="UTF-8"?>
<testsuite xmlns:xsi="http://www.w3.org/2001/XMLSchema-instance" xsi:noNamespaceSchemaLocation="https://maven.apache.org/surefire/maven-surefire-plugin/xsd/surefire-test-report-3.0.xsd" version="3.0" name="au.com.anthonybruno.FixedWidthPojoGenTest" time="0.008" tests="3" errors="0" skipped="1" failures="0">
  <properties>
[...]
</properties>
  <testcase name="isFixedWidth" classname="au.com.anthonybruno.FixedWidthPojoGenTest" time="0.007"/>
  <testcase name="fixedWidthFile" classname="au.com.anthonybruno.FixedWidthPojoGenTest" time="0.0">
    <skipped message="Parser seems to be randomly failing?"/>
  </testcase>
  <testcase name="isNonEmpty" classname="au.com.anthonybruno.FixedWidthPojoGenTest" time="0.001"/>
</testsuite>